
AVRASM ver. 2.1.17  G:\MD_IB_Exxus_5\Otladka\CV_1\List\in.asm Thu Apr 15 11:24:15 2010

G:\MD_IB_Exxus_5\Otladka\CV_1\List\in.asm(1026): warning: Register r4 already defined by the .DEF directive
G:\MD_IB_Exxus_5\Otladka\CV_1\List\in.asm(1027): warning: Register r6 already defined by the .DEF directive
G:\MD_IB_Exxus_5\Otladka\CV_1\List\in.asm(1028): warning: Register r8 already defined by the .DEF directive
G:\MD_IB_Exxus_5\Otladka\CV_1\List\in.asm(1029): warning: Register r10 already defined by the .DEF directive
G:\MD_IB_Exxus_5\Otladka\CV_1\List\in.asm(1030): warning: Register r13 already defined by the .DEF directive
G:\MD_IB_Exxus_5\Otladka\CV_1\List\in.asm(1031): warning: Register r12 already defined by the .DEF directive
                 
                 
                 ;CodeVisionAVR C Compiler V2.03.4 Standard
                 ;(C) Copyright 1998-2008 Pavel Haiduc, HP InfoTech s.r.l.
                 ;http://www.hpinfotech.com
                 
                 ;Chip type              : ATmega32
                 ;Program type           : Application
                 ;Clock frequency        : 16,384000 MHz
                 ;Memory model           : Small
                 ;Optimize for           : Size
                 ;(s)printf features     : int, width
                 ;(s)scanf features      : int, width
                 ;External RAM size      : 0
                 ;Data Stack size        : 512 byte(s)
                 ;Heap size              : 0 byte(s)
                 ;Promote char to int    : Yes
                 ;char is unsigned       : Yes
                 ;global const stored in FLASH  : No
                 ;8 bit enums            : Yes
                 ;Enhanced core instructions    : On
                 ;Smart register allocation : On
                 ;Automatic register allocation : On
                 
                 	#pragma AVRPART ADMIN PART_NAME ATmega32
                 	#pragma AVRPART MEMORY PROG_FLASH 32768
                 	#pragma AVRPART MEMORY EEPROM 1024
                 	#pragma AVRPART MEMORY INT_SRAM SIZE 2048
                 	#pragma AVRPART MEMORY INT_SRAM START_ADDR 0x60
                 
                 	.LISTMAC
                 	.EQU UDRE=0x5
                 	.EQU RXC=0x7
                 	.EQU USR=0xB
                 	.EQU UDR=0xC
                 	.EQU SPSR=0xE
                 	.EQU SPDR=0xF
                 	.EQU EERE=0x0
                 	.EQU EEWE=0x1
                 	.EQU EEMWE=0x2
                 	.EQU EECR=0x1C
                 	.EQU EEDR=0x1D
                 	.EQU EEARL=0x1E
                 	.EQU EEARH=0x1F
                 	.EQU WDTCR=0x21
                 	.EQU MCUCR=0x35
                 	.EQU GICR=0x3B
                 	.EQU SPL=0x3D
                 	.EQU SPH=0x3E
                 	.EQU SREG=0x3F
                 
                 	.DEF R0X0=R0
                 	.DEF R0X1=R1
                 	.DEF R0X2=R2
                 	.DEF R0X3=R3
                 	.DEF R0X4=R4
                 	.DEF R0X5=R5
                 	.DEF R0X6=R6
                 	.DEF R0X7=R7
                 	.DEF R0X8=R8
                 	.DEF R0X9=R9
                 	.DEF R0XA=R10
                 	.DEF R0XB=R11
                 	.DEF R0XC=R12
                 	.DEF R0XD=R13
                 	.DEF R0XE=R14
                 	.DEF R0XF=R15
                 	.DEF R0X10=R16
                 	.DEF R0X11=R17
                 	.DEF R0X12=R18
                 	.DEF R0X13=R19
                 	.DEF R0X14=R20
                 	.DEF R0X15=R21
                 	.DEF R0X16=R22
                 	.DEF R0X17=R23
                 	.DEF R0X18=R24
                 	.DEF R0X19=R25
                 	.DEF R0X1A=R26
                 	.DEF R0X1B=R27
                 	.DEF R0X1C=R28
                 	.DEF R0X1D=R29
                 	.DEF R0X1E=R30
                 	.DEF R0X1F=R31
                 
                 	.MACRO __CPD1N
                 	CPI  R30,LOW(@0)
                 	LDI  R26,HIGH(@0)
                 	CPC  R31,R26
                 	LDI  R26,BYTE3(@0)
                 	CPC  R22,R26
                 	LDI  R26,BYTE4(@0)
                 	CPC  R23,R26
                 	.ENDM
                 
                 	.MACRO __CPD2N
                 	CPI  R26,LOW(@0)
                 	LDI  R30,HIGH(@0)
                 	CPC  R27,R30
                 	LDI  R30,BYTE3(@0)
                 	CPC  R24,R30
                 	LDI  R30,BYTE4(@0)
                 	CPC  R25,R30
                 	.ENDM
                 
                 	.MACRO __CPWRR
                 	CP   R@0,R@2
                 	CPC  R@1,R@3
                 	.ENDM
                 
                 	.MACRO __CPWRN
                 	CPI  R@0,LOW(@2)
                 	LDI  R30,HIGH(@2)
                 	CPC  R@1,R30
                 	.ENDM
                 
                 	.MACRO __ADDB1MN
                 	SUBI R30,LOW(-@0-(@1))
                 	.ENDM
                 
                 	.MACRO __ADDB2MN
                 	SUBI R26,LOW(-@0-(@1))
                 	.ENDM
                 
                 	.MACRO __ADDW1MN
                 	SUBI R30,LOW(-@0-(@1))
                 	SBCI R31,HIGH(-@0-(@1))
                 	.ENDM
                 
                 	.MACRO __ADDW2MN
                 	SUBI R26,LOW(-@0-(@1))
                 	SBCI R27,HIGH(-@0-(@1))
                 	.ENDM
                 
                 	.MACRO __ADDW1FN
                 	SUBI R30,LOW(-2*@0-(@1))
                 	SBCI R31,HIGH(-2*@0-(@1))
                 	.ENDM
                 
                 	.MACRO __ADDD1FN
                 	SUBI R30,LOW(-2*@0-(@1))
                 	SBCI R31,HIGH(-2*@0-(@1))
                 	SBCI R22,BYTE3(-2*@0-(@1))
                 	.ENDM
                 
                 	.MACRO __ADDD1N
                 	SUBI R30,LOW(-@0)
                 	SBCI R31,HIGH(-@0)
                 	SBCI R22,BYTE3(-@0)
                 	SBCI R23,BYTE4(-@0)
                 	.ENDM
                 
                 	.MACRO __ADDD2N
                 	SUBI R26,LOW(-@0)
                 	SBCI R27,HIGH(-@0)
                 	SBCI R24,BYTE3(-@0)
                 	SBCI R25,BYTE4(-@0)
                 	.ENDM
                 
                 	.MACRO __SUBD1N
                 	SUBI R30,LOW(@0)
                 	SBCI R31,HIGH(@0)
                 	SBCI R22,BYTE3(@0)
                 	SBCI R23,BYTE4(@0)
                 	.ENDM
                 
                 	.MACRO __SUBD2N
                 	SUBI R26,LOW(@0)
                 	SBCI R27,HIGH(@0)
                 	SBCI R24,BYTE3(@0)
                 	SBCI R25,BYTE4(@0)
                 	.ENDM
                 
                 	.MACRO __ANDBMNN
                 	LDS  R30,@0+@1
                 	ANDI R30,LOW(@2)
                 	STS  @0+@1,R30
                 	.ENDM
                 
                 	.MACRO __ANDWMNN
                 	LDS  R30,@0+@1
                 	ANDI R30,LOW(@2)
                 	STS  @0+@1,R30
                 	LDS  R30,@0+@1+1
                 	ANDI R30,HIGH(@2)
                 	STS  @0+@1+1,R30
                 	.ENDM
                 
                 	.MACRO __ANDD1N
                 	ANDI R30,LOW(@0)
                 	ANDI R31,HIGH(@0)
                 	ANDI R22,BYTE3(@0)
                 	ANDI R23,BYTE4(@0)
                 	.ENDM
                 
                 	.MACRO __ANDD2N
                 	ANDI R26,LOW(@0)
                 	ANDI R27,HIGH(@0)
                 	ANDI R24,BYTE3(@0)
                 	ANDI R25,BYTE4(@0)
                 	.ENDM
                 
                 	.MACRO __ORBMNN
                 	LDS  R30,@0+@1
                 	ORI  R30,LOW(@2)
                 	STS  @0+@1,R30
                 	.ENDM
                 
                 	.MACRO __ORWMNN
                 	LDS  R30,@0+@1
                 	ORI  R30,LOW(@2)
                 	STS  @0+@1,R30
                 	LDS  R30,@0+@1+1
                 	ORI  R30,HIGH(@2)
                 	STS  @0+@1+1,R30
                 	.ENDM
                 
                 	.MACRO __ORD1N
                 	ORI  R30,LOW(@0)
                 	ORI  R31,HIGH(@0)
                 	ORI  R22,BYTE3(@0)
                 	ORI  R23,BYTE4(@0)
                 	.ENDM
                 
                 	.MACRO __ORD2N
                 	ORI  R26,LOW(@0)
                 	ORI  R27,HIGH(@0)
                 	ORI  R24,BYTE3(@0)
                 	ORI  R25,BYTE4(@0)
                 	.ENDM
                 
                 	.MACRO __DELAY_USB
                 	LDI  R24,LOW(@0)
                 __DELAY_USB_LOOP:
                 	DEC  R24
                 	BRNE __DELAY_USB_LOOP
                 	.ENDM
                 
                 	.MACRO __DELAY_USW
                 	LDI  R24,LOW(@0)
                 	LDI  R25,HIGH(@0)
                 __DELAY_USW_LOOP:
                 	SBIW R24,1
                 	BRNE __DELAY_USW_LOOP
                 	.ENDM
                 
                 	.MACRO __CLRD1S
                 	LDI  R30,0
                 	STD  Y+@0,R30
                 	STD  Y+@0+1,R30
                 	STD  Y+@0+2,R30
                 	STD  Y+@0+3,R30
                 	.ENDM
                 
                 	.MACRO __GETD1S
                 	LDD  R30,Y+@0
                 	LDD  R31,Y+@0+1
                 	LDD  R22,Y+@0+2
                 	LDD  R23,Y+@0+3
                 	.ENDM
                 
                 	.MACRO __PUTD1S
                 	STD  Y+@0,R30
                 	STD  Y+@0+1,R31
                 	STD  Y+@0+2,R22
                 	STD  Y+@0+3,R23
                 	.ENDM
                 
                 	.MACRO __PUTD2S
                 	STD  Y+@0,R26
                 	STD  Y+@0+1,R27
                 	STD  Y+@0+2,R24
                 	STD  Y+@0+3,R25
                 	.ENDM
                 
                 	.MACRO __POINTB1MN
                 	LDI  R30,LOW(@0+@1)
                 	.ENDM
                 
                 	.MACRO __POINTW1MN
                 	LDI  R30,LOW(@0+@1)
                 	LDI  R31,HIGH(@0+@1)
                 	.ENDM
                 
                 	.MACRO __POINTD1M
                 	LDI  R30,LOW(@0)
                 	LDI  R31,HIGH(@0)
                 	LDI  R22,BYTE3(@0)
                 	LDI  R23,BYTE4(@0)
                 	.ENDM
                 
                 	.MACRO __POINTW1FN
                 	LDI  R30,LOW(2*@0+@1)
                 	LDI  R31,HIGH(2*@0+@1)
                 	.ENDM
                 
                 	.MACRO __POINTD1FN
                 	LDI  R30,LOW(2*@0+@1)
                 	LDI  R31,HIGH(2*@0+@1)
                 	LDI  R22,BYTE3(2*@0+@1)
                 	LDI  R23,BYTE4(2*@0+@1)
                 	.ENDM
                 
                 	.MACRO __POINTB2MN
                 	LDI  R26,LOW(@0+@1)
                 	.ENDM
                 
                 	.MACRO __POINTW2MN
                 	LDI  R26,LOW(@0+@1)
                 	LDI  R27,HIGH(@0+@1)
                 	.ENDM
                 
                 	.MACRO __POINTBRM
                 	LDI  R@0,LOW(@1)
                 	.ENDM
                 
                 	.MACRO __POINTWRM
                 	LDI  R@0,LOW(@2)
                 	LDI  R@1,HIGH(@2)
                 	.ENDM
                 
                 	.MACRO __POINTBRMN
                 	LDI  R@0,LOW(@1+@2)
                 	.ENDM
                 
                 	.MACRO __POINTWRMN
                 	LDI  R@0,LOW(@2+@3)
                 	LDI  R@1,HIGH(@2+@3)
                 	.ENDM
                 
                 	.MACRO __POINTWRFN
                 	LDI  R@0,LOW(@2*2+@3)
                 	LDI  R@1,HIGH(@2*2+@3)
                 	.ENDM
                 
                 	.MACRO __GETD1N
                 	LDI  R30,LOW(@0)
                 	LDI  R31,HIGH(@0)
                 	LDI  R22,BYTE3(@0)
                 	LDI  R23,BYTE4(@0)
                 	.ENDM
                 
                 	.MACRO __GETD2N
                 	LDI  R26,LOW(@0)
                 	LDI  R27,HIGH(@0)
                 	LDI  R24,BYTE3(@0)
                 	LDI  R25,BYTE4(@0)
                 	.ENDM
                 
                 	.MACRO __GETD2S
                 	LDD  R26,Y+@0
                 	LDD  R27,Y+@0+1
                 	LDD  R24,Y+@0+2
                 	LDD  R25,Y+@0+3
                 	.ENDM
                 
                 	.MACRO __GETB1MN
                 	LDS  R30,@0+@1
                 	.ENDM
                 
                 	.MACRO __GETB1HMN
                 	LDS  R31,@0+@1
                 	.ENDM
                 
                 	.MACRO __GETW1MN
                 	LDS  R30,@0+@1
                 	LDS  R31,@0+@1+1
                 	.ENDM
                 
                 	.MACRO __GETD1MN
                 	LDS  R30,@0+@1
                 	LDS  R31,@0+@1+1
                 	LDS  R22,@0+@1+2
                 	LDS  R23,@0+@1+3
                 	.ENDM
                 
                 	.MACRO __GETBRMN
                 	LDS  R@0,@1+@2
                 	.ENDM
                 
                 	.MACRO __GETWRMN
                 	LDS  R@0,@2+@3
                 	LDS  R@1,@2+@3+1
                 	.ENDM
                 
                 	.MACRO __GETWRZ
                 	LDD  R@0,Z+@2
                 	LDD  R@1,Z+@2+1
                 	.ENDM
                 
                 	.MACRO __GETD2Z
                 	LDD  R26,Z+@0
                 	LDD  R27,Z+@0+1
                 	LDD  R24,Z+@0+2
                 	LDD  R25,Z+@0+3
                 	.ENDM
                 
                 	.MACRO __GETB2MN
                 	LDS  R26,@0+@1
                 	.ENDM
                 
                 	.MACRO __GETW2MN
                 	LDS  R26,@0+@1
                 	LDS  R27,@0+@1+1
                 	.ENDM
                 
                 	.MACRO __GETD2MN
                 	LDS  R26,@0+@1
                 	LDS  R27,@0+@1+1
                 	LDS  R24,@0+@1+2
                 	LDS  R25,@0+@1+3
                 	.ENDM
                 
                 	.MACRO __PUTB1MN
                 	STS  @0+@1,R30
                 	.ENDM
                 
                 	.MACRO __PUTW1MN
                 	STS  @0+@1,R30
                 	STS  @0+@1+1,R31
                 	.ENDM
                 
                 	.MACRO __PUTD1MN
                 	STS  @0+@1,R30
                 	STS  @0+@1+1,R31
                 	STS  @0+@1+2,R22
                 	STS  @0+@1+3,R23
                 	.ENDM
                 
                 	.MACRO __PUTB1EN
                 	LDI  R26,LOW(@0+@1)
                 	LDI  R27,HIGH(@0+@1)
                 	CALL __EEPROMWRB
                 	.ENDM
                 
                 	.MACRO __PUTW1EN
                 	LDI  R26,LOW(@0+@1)
                 	LDI  R27,HIGH(@0+@1)
                 	CALL __EEPROMWRW
                 	.ENDM
                 
                 	.MACRO __PUTD1EN
                 	LDI  R26,LOW(@0+@1)
                 	LDI  R27,HIGH(@0+@1)
                 	CALL __EEPROMWRD
                 	.ENDM
                 
                 	.MACRO __PUTBR0MN
                 	STS  @0+@1,R0
                 	.ENDM
                 
                 	.MACRO __PUTDZ2
                 	STD  Z+@0,R26
                 	STD  Z+@0+1,R27
                 	STD  Z+@0+2,R24
                 	STD  Z+@0+3,R25
                 	.ENDM
                 
                 	.MACRO __PUTBMRN
                 	STS  @0+@1,R@2
                 	.ENDM
                 
                 	.MACRO __PUTWMRN
                 	STS  @0+@1,R@2
                 	STS  @0+@1+1,R@3
                 	.ENDM
                 
                 	.MACRO __PUTBZR
                 	STD  Z+@1,R@0
                 	.ENDM
                 
                 	.MACRO __PUTWZR
                 	STD  Z+@2,R@0
                 	STD  Z+@2+1,R@1
                 	.ENDM
                 
                 	.MACRO __GETW1R
                 	MOV  R30,R@0
                 	MOV  R31,R@1
                 	.ENDM
                 
                 	.MACRO __GETW2R
                 	MOV  R26,R@0
                 	MOV  R27,R@1
                 	.ENDM
                 
                 	.MACRO __GETWRN
                 	LDI  R@0,LOW(@2)
                 	LDI  R@1,HIGH(@2)
                 	.ENDM
                 
                 	.MACRO __PUTW1R
                 	MOV  R@0,R30
                 	MOV  R@1,R31
                 	.ENDM
                 
                 	.MACRO __PUTW2R
                 	MOV  R@0,R26
                 	MOV  R@1,R27
                 	.ENDM
                 
                 	.MACRO __ADDWRN
                 	SUBI R@0,LOW(-@2)
                 	SBCI R@1,HIGH(-@2)
                 	.ENDM
                 
                 	.MACRO __ADDWRR
                 	ADD  R@0,R@2
                 	ADC  R@1,R@3
                 	.ENDM
                 
                 	.MACRO __SUBWRN
                 	SUBI R@0,LOW(@2)
                 	SBCI R@1,HIGH(@2)
                 	.ENDM
                 
                 	.MACRO __SUBWRR
                 	SUB  R@0,R@2
                 	SBC  R@1,R@3
                 	.ENDM
                 
                 	.MACRO __ANDWRN
                 	ANDI R@0,LOW(@2)
                 	ANDI R@1,HIGH(@2)
                 	.ENDM
                 
                 	.MACRO __ANDWRR
                 	AND  R@0,R@2
                 	AND  R@1,R@3
                 	.ENDM
                 
                 	.MACRO __ORWRN
                 	ORI  R@0,LOW(@2)
                 	ORI  R@1,HIGH(@2)
                 	.ENDM
                 
                 	.MACRO __ORWRR
                 	OR   R@0,R@2
                 	OR   R@1,R@3
                 	.ENDM
                 
                 	.MACRO __EORWRR
                 	EOR  R@0,R@2
                 	EOR  R@1,R@3
                 	.ENDM
                 
                 	.MACRO __GETWRS
                 	LDD  R@0,Y+@2
                 	LDD  R@1,Y+@2+1
                 	.ENDM
                 
                 	.MACRO __PUTWSR
                 	STD  Y+@2,R@0
                 	STD  Y+@2+1,R@1
                 	.ENDM
                 
                 	.MACRO __MOVEWRR
                 	MOV  R@0,R@2
                 	MOV  R@1,R@3
                 	.ENDM
                 
                 	.MACRO __INWR
                 	IN   R@0,@2
                 	IN   R@1,@2+1
                 	.ENDM
                 
                 	.MACRO __OUTWR
                 	OUT  @2+1,R@1
                 	OUT  @2,R@0
                 	.ENDM
                 
                 	.MACRO __CALL1MN
                 	LDS  R30,@0+@1
                 	LDS  R31,@0+@1+1
                 	ICALL
                 	.ENDM
                 
                 	.MACRO __CALL1FN
                 	LDI  R30,LOW(2*@0+@1)
                 	LDI  R31,HIGH(2*@0+@1)
                 	CALL __GETW1PF
                 	ICALL
                 	.ENDM
                 
                 	.MACRO __CALL2EN
                 	LDI  R26,LOW(@0+@1)
                 	LDI  R27,HIGH(@0+@1)
                 	CALL __EEPROMRDW
                 	ICALL
                 	.ENDM
                 
                 	.MACRO __GETW1STACK
                 	IN   R26,SPL
                 	IN   R27,SPH
                 	ADIW R26,@0+1
                 	LD   R30,X+
                 	LD   R31,X
                 	.ENDM
                 
                 	.MACRO __NBST
                 	BST  R@0,@1
                 	IN   R30,SREG
                 	LDI  R31,0x40
                 	EOR  R30,R31
                 	OUT  SREG,R30
                 	.ENDM
                 
                 
                 	.MACRO __PUTB1SN
                 	LDD  R26,Y+@0
                 	LDD  R27,Y+@0+1
                 	SUBI R26,LOW(-@1)
                 	SBCI R27,HIGH(-@1)
                 	ST   X,R30
                 	.ENDM
                 
                 	.MACRO __PUTW1SN
                 	LDD  R26,Y+@0
                 	LDD  R27,Y+@0+1
                 	SUBI R26,LOW(-@1)
                 	SBCI R27,HIGH(-@1)
                 	ST   X+,R30
                 	ST   X,R31
                 	.ENDM
                 
                 	.MACRO __PUTD1SN
                 	LDD  R26,Y+@0
                 	LDD  R27,Y+@0+1
                 	SUBI R26,LOW(-@1)
                 	SBCI R27,HIGH(-@1)
                 	CALL __PUTDP1
                 	.ENDM
                 
                 	.MACRO __PUTB1SNS
                 	LDD  R26,Y+@0
                 	LDD  R27,Y+@0+1
                 	ADIW R26,@1
                 	ST   X,R30
                 	.ENDM
                 
                 	.MACRO __PUTW1SNS
                 	LDD  R26,Y+@0
                 	LDD  R27,Y+@0+1
                 	ADIW R26,@1
                 	ST   X+,R30
                 	ST   X,R31
                 	.ENDM
                 
                 	.MACRO __PUTD1SNS
                 	LDD  R26,Y+@0
                 	LDD  R27,Y+@0+1
                 	ADIW R26,@1
                 	CALL __PUTDP1
                 	.ENDM
                 
                 	.MACRO __PUTB1PMN
                 	LDS  R26,@0
                 	LDS  R27,@0+1
                 	SUBI R26,LOW(-@1)
                 	SBCI R27,HIGH(-@1)
                 	ST   X,R30
                 	.ENDM
                 
                 	.MACRO __PUTW1PMN
                 	LDS  R26,@0
                 	LDS  R27,@0+1
                 	SUBI R26,LOW(-@1)
                 	SBCI R27,HIGH(-@1)
                 	ST   X+,R30
                 	ST   X,R31
                 	.ENDM
                 
                 	.MACRO __PUTD1PMN
                 	LDS  R26,@0
                 	LDS  R27,@0+1
                 	SUBI R26,LOW(-@1)
                 	SBCI R27,HIGH(-@1)
                 	CALL __PUTDP1
                 	.ENDM
                 
                 	.MACRO __PUTB1PMNS
                 	LDS  R26,@0
                 	LDS  R27,@0+1
                 	ADIW R26,@1
                 	ST   X,R30
                 	.ENDM
                 
                 	.MACRO __PUTW1PMNS
                 	LDS  R26,@0
                 	LDS  R27,@0+1
                 	ADIW R26,@1
                 	ST   X+,R30
                 	ST   X,R31
                 	.ENDM
                 
                 	.MACRO __PUTD1PMNS
                 	LDS  R26,@0
                 	LDS  R27,@0+1
                 	ADIW R26,@1
                 	CALL __PUTDP1
                 	.ENDM
                 
                 	.MACRO __PUTB1RN
                 	MOVW R26,R@0
                 	SUBI R26,LOW(-@1)
                 	SBCI R27,HIGH(-@1)
                 	ST   X,R30
                 	.ENDM
                 
                 	.MACRO __PUTW1RN
                 	MOVW R26,R@0
                 	SUBI R26,LOW(-@1)
                 	SBCI R27,HIGH(-@1)
                 	ST   X+,R30
                 	ST   X,R31
                 	.ENDM
                 
                 	.MACRO __PUTD1RN
                 	MOVW R26,R@0
                 	SUBI R26,LOW(-@1)
                 	SBCI R27,HIGH(-@1)
                 	CALL __PUTDP1
                 	.ENDM
                 
                 	.MACRO __PUTB1RNS
                 	MOVW R26,R@0
                 	ADIW R26,@1
                 	ST   X,R30
                 	.ENDM
                 
                 	.MACRO __PUTW1RNS
                 	MOVW R26,R@0
                 	ADIW R26,@1
                 	ST   X+,R30
                 	ST   X,R31
                 	.ENDM
                 
                 	.MACRO __PUTD1RNS
                 	MOVW R26,R@0
                 	ADIW R26,@1
                 	CALL __PUTDP1
                 	.ENDM
                 
                 	.MACRO __PUTB1RON
                 	MOV  R26,R@0
                 	MOV  R27,R@1
                 	SUBI R26,LOW(-@2)
                 	SBCI R27,HIGH(-@2)
                 	ST   X,R30
                 	.ENDM
                 
                 	.MACRO __PUTW1RON
                 	MOV  R26,R@0
                 	MOV  R27,R@1
                 	SUBI R26,LOW(-@2)
                 	SBCI R27,HIGH(-@2)
                 	ST   X+,R30
                 	ST   X,R31
                 	.ENDM
                 
                 	.MACRO __PUTD1RON
                 	MOV  R26,R@0
                 	MOV  R27,R@1
                 	SUBI R26,LOW(-@2)
                 	SBCI R27,HIGH(-@2)
                 	CALL __PUTDP1
                 	.ENDM
                 
                 	.MACRO __PUTB1RONS
                 	MOV  R26,R@0
                 	MOV  R27,R@1
                 	ADIW R26,@2
                 	ST   X,R30
                 	.ENDM
                 
                 	.MACRO __PUTW1RONS
                 	MOV  R26,R@0
                 	MOV  R27,R@1
                 	ADIW R26,@2
                 	ST   X+,R30
                 	ST   X,R31
                 	.ENDM
                 
                 	.MACRO __PUTD1RONS
                 	MOV  R26,R@0
                 	MOV  R27,R@1
                 	ADIW R26,@2
                 	CALL __PUTDP1
                 	.ENDM
                 
                 
                 	.MACRO __GETB1SX
                 	MOVW R30,R28
                 	SUBI R30,LOW(-@0)
                 	SBCI R31,HIGH(-@0)
                 	LD   R30,Z
                 	.ENDM
                 
                 	.MACRO __GETB1HSX
                 	MOVW R30,R28
                 	SUBI R30,LOW(-@0)
                 	SBCI R31,HIGH(-@0)
                 	LD   R31,Z
                 	.ENDM
                 
                 	.MACRO __GETW1SX
                 	MOVW R30,R28
                 	SUBI R30,LOW(-@0)
                 	SBCI R31,HIGH(-@0)
                 	LD   R0,Z+
                 	LD   R31,Z
                 	MOV  R30,R0
                 	.ENDM
                 
                 	.MACRO __GETD1SX
                 	MOVW R30,R28
                 	SUBI R30,LOW(-@0)
                 	SBCI R31,HIGH(-@0)
                 	LD   R0,Z+
                 	LD   R1,Z+
                 	LD   R22,Z+
                 	LD   R23,Z
                 	MOVW R30,R0
                 	.ENDM
                 
                 	.MACRO __GETB2SX
                 	MOVW R26,R28
                 	SUBI R26,LOW(-@0)
                 	SBCI R27,HIGH(-@0)
                 	LD   R26,X
                 	.ENDM
                 
                 	.MACRO __GETW2SX
                 	MOVW R26,R28
                 	SUBI R26,LOW(-@0)
                 	SBCI R27,HIGH(-@0)
                 	LD   R0,X+
                 	LD   R27,X
                 	MOV  R26,R0
                 	.ENDM
                 
                 	.MACRO __GETD2SX
                 	MOVW R26,R28
                 	SUBI R26,LOW(-@0)
                 	SBCI R27,HIGH(-@0)
                 	LD   R0,X+
                 	LD   R1,X+
                 	LD   R24,X+
                 	LD   R25,X
                 	MOVW R26,R0
                 	.ENDM
                 
                 	.MACRO __GETBRSX
                 	MOVW R30,R28
                 	SUBI R30,LOW(-@1)
                 	SBCI R31,HIGH(-@1)
                 	LD   R@0,Z
                 	.ENDM
                 
                 	.MACRO __GETWRSX
                 	MOVW R30,R28
                 	SUBI R30,LOW(-@2)
                 	SBCI R31,HIGH(-@2)
                 	LD   R@0,Z+
                 	LD   R@1,Z
                 	.ENDM
                 
                 	.MACRO __LSLW8SX
                 	MOVW R30,R28
                 	SUBI R30,LOW(-@0)
                 	SBCI R31,HIGH(-@0)
                 	LD   R31,Z
                 	CLR  R30
                 	.ENDM
                 
                 	.MACRO __PUTB1SX
                 	MOVW R26,R28
                 	SUBI R26,LOW(-@0)
                 	SBCI R27,HIGH(-@0)
                 	ST   X,R30
                 	.ENDM
                 
                 	.MACRO __PUTW1SX
                 	MOVW R26,R28
                 	SUBI R26,LOW(-@0)
                 	SBCI R27,HIGH(-@0)
                 	ST   X+,R30
                 	ST   X,R31
                 	.ENDM
                 
                 	.MACRO __PUTD1SX
                 	MOVW R26,R28
                 	SUBI R26,LOW(-@0)
                 	SBCI R27,HIGH(-@0)
                 	ST   X+,R30
                 	ST   X+,R31
                 	ST   X+,R22
                 	ST   X,R23
                 	.ENDM
                 
                 	.MACRO __CLRW1SX
                 	MOVW R30,R28
                 	SUBI R30,LOW(-@0)
                 	SBCI R31,HIGH(-@0)
                 	CLR  R0
                 	ST   Z+,R0
                 	ST   Z,R0
                 	.ENDM
                 
                 	.MACRO __CLRD1SX
                 	MOVW R30,R28
                 	SUBI R30,LOW(-@0)
                 	SBCI R31,HIGH(-@0)
                 	CLR  R0
                 	ST   Z+,R0
                 	ST   Z+,R0
                 	ST   Z+,R0
                 	ST   Z,R0
                 	.ENDM
                 
                 	.MACRO __PUTB2SX
                 	MOVW R30,R28
                 	SUBI R30,LOW(-@0)
                 	SBCI R31,HIGH(-@0)
                 	ST   Z,R26
                 	.ENDM
                 
                 	.MACRO __PUTW2SX
                 	MOVW R30,R28
                 	SUBI R30,LOW(-@0)
                 	SBCI R31,HIGH(-@0)
                 	ST   Z+,R26
                 	ST   Z,R27
                 	.ENDM
                 
                 	.MACRO __PUTD2SX
                 	MOVW R30,R28
                 	SUBI R30,LOW(-@0)
                 	SBCI R31,HIGH(-@0)
                 	ST   Z+,R26
                 	ST   Z+,R27
                 	ST   Z+,R24
                 	ST   Z,R25
                 	.ENDM
                 
                 	.MACRO __PUTBSRX
                 	MOVW R30,R28
                 	SUBI R30,LOW(-@0)
                 	SBCI R31,HIGH(-@0)
                 	ST   Z,R@1
                 	.ENDM
                 
                 	.MACRO __PUTWSRX
                 	MOVW R30,R28
                 	SUBI R30,LOW(-@2)
                 	SBCI R31,HIGH(-@2)
                 	ST   Z+,R@0
                 	ST   Z,R@1
                 	.ENDM
                 
                 	.MACRO __PUTB1SNX
                 	MOVW R26,R28
                 	SUBI R26,LOW(-@0)
                 	SBCI R27,HIGH(-@0)
                 	LD   R0,X+
                 	LD   R27,X
                 	MOV  R26,R0
                 	SUBI R26,LOW(-@1)
                 	SBCI R27,HIGH(-@1)
                 	ST   X,R30
                 	.ENDM
                 
                 	.MACRO __PUTW1SNX
                 	MOVW R26,R28
                 	SUBI R26,LOW(-@0)
                 	SBCI R27,HIGH(-@0)
                 	LD   R0,X+
                 	LD   R27,X
                 	MOV  R26,R0
                 	SUBI R26,LOW(-@1)
                 	SBCI R27,HIGH(-@1)
                 	ST   X+,R30
                 	ST   X,R31
                 	.ENDM
                 
                 	.MACRO __PUTD1SNX
                 	MOVW R26,R28
                 	SUBI R26,LOW(-@0)
                 	SBCI R27,HIGH(-@0)
                 	LD   R0,X+
                 	LD   R27,X
                 	MOV  R26,R0
                 	SUBI R26,LOW(-@1)
                 	SBCI R27,HIGH(-@1)
                 	ST   X+,R30
                 	ST   X+,R31
                 	ST   X+,R22
                 	ST   X,R23
                 	.ENDM
                 
                 	.MACRO __MULBRR
                 	MULS R@0,R@1
                 	MOVW R30,R0
                 	.ENDM
                 
                 	.MACRO __MULBRRU
                 	MUL  R@0,R@1
                 	MOVW R30,R0
                 	.ENDM
                 
                 	.MACRO __MULBRR0
                 	MULS R@0,R@1
                 	.ENDM
                 
                 	.MACRO __MULBRRU0
                 	MUL  R@0,R@1
                 	.ENDM
                 
                 	.MACRO __MULBNWRU
                 	LDI  R26,@2
                 	MUL  R26,R@0
                 	MOVW R30,R0
                 	MUL  R26,R@1
                 	ADD  R31,R0
                 	.ENDM
                 
                 ;NAME DEFINITIONS FOR GLOBAL VARIABLES ALLOCATED TO REGISTERS
                 	.DEF _faza_zero=R4
                 	.DEF _amp_max=R6
                 	.DEF _amp_min=R8
                 	.DEF _a=R10
                 	.DEF _faza_max=R13
                 	.DEF _faza_min=R12
                 
                 	.CSEG
                 	.ORG 0x00
                 
                 ;INTERRUPT VECTORS
000000 940c 0033 	JMP  __RESET
000002 940c 0000 	JMP  0x00
000004 940c 0000 	JMP  0x00
000006 940c 0000 	JMP  0x00
000008 940c 0000 	JMP  0x00
00000a 940c 0000 	JMP  0x00
00000c 940c 0000 	JMP  0x00
00000e 940c 0000 	JMP  0x00
000010 940c 0000 	JMP  0x00
000012 940c 0000 	JMP  0x00
000014 940c 0000 	JMP  0x00
000016 940c 0000 	JMP  0x00
000018 940c 0000 	JMP  0x00
00001a 940c 0000 	JMP  0x00
00001c 940c 0000 	JMP  0x00
00001e 940c 0000 	JMP  0x00
000020 940c 0000 	JMP  0x00
000022 940c 0000 	JMP  0x00
000024 940c 0000 	JMP  0x00
000026 940c 0063 	JMP  _twi_isr
000028 940c 0000 	JMP  0x00
                 
                 _0x3:
G:\MD_IB_Exxus_5\Otladka\CV_1\List\in.asm(1060): warning: .cseg .db misalignment - padding zero byte
00002a 00ab      	.DB  0xAB
                 _0x4:
G:\MD_IB_Exxus_5\Otladka\CV_1\List\in.asm(1062): warning: .cseg .db misalignment - padding zero byte
00002b 00cd      	.DB  0xCD
                 
                 __GLOBAL_INI_TBL:
00002c 0001      	.DW  0x01
00002d 06a4      	.DW  _faza
00002e 0054      	.DW  _0x3*2
                 
00002f 0001      	.DW  0x01
000030 06a5      	.DW  _amplituda
000031 0056      	.DW  _0x4*2
                 
                 _0xFFFFFFFF:
000032 0000      	.DW  0
                 
                 __RESET:
000033 94f8      	CLI
000034 27ee      	CLR  R30
000035 bbec      	OUT  EECR,R30
                 
                 ;INTERRUPT VECTORS ARE PLACED
                 ;AT THE START OF FLASH
000036 e0f1      	LDI  R31,1
000037 bffb      	OUT  GICR,R31
000038 bfeb      	OUT  GICR,R30
000039 bfe5      	OUT  MCUCR,R30
                 
                 ;DISABLE WATCHDOG
00003a e1f8      	LDI  R31,0x18
00003b bdf1      	OUT  WDTCR,R31
00003c bde1      	OUT  WDTCR,R30
                 
                 ;CLEAR R2-R14
00003d e08d      	LDI  R24,(14-2)+1
00003e e0a2      	LDI  R26,2
00003f 27bb      	CLR  R27
                 __CLEAR_REG:
000040 93ed      	ST   X+,R30
000041 958a      	DEC  R24
000042 f7e9      	BRNE __CLEAR_REG
                 
                 ;CLEAR SRAM
000043 e080      	LDI  R24,LOW(0x800)
000044 e098      	LDI  R25,HIGH(0x800)
000045 e6a0      	LDI  R26,0x60
                 __CLEAR_SRAM:
000046 93ed      	ST   X+,R30
000047 9701      	SBIW R24,1
000048 f7e9      	BRNE __CLEAR_SRAM
                 
                 ;GLOBAL VARIABLES INITIALIZATION
000049 e5e8      	LDI  R30,LOW(__GLOBAL_INI_TBL*2)
00004a e0f0      	LDI  R31,HIGH(__GLOBAL_INI_TBL*2)
                 __GLOBAL_INI_NEXT:
00004b 9185      	LPM  R24,Z+
00004c 9195      	LPM  R25,Z+
00004d 9700      	SBIW R24,0
00004e f061      	BREQ __GLOBAL_INI_END
00004f 91a5      	LPM  R26,Z+
000050 91b5      	LPM  R27,Z+
000051 9005      	LPM  R0,Z+
000052 9015      	LPM  R1,Z+
000053 01bf      	MOVW R22,R30
000054 01f0      	MOVW R30,R0
                 __GLOBAL_INI_LOOP:
000055 9005      	LPM  R0,Z+
000056 920d      	ST   X+,R0
000057 9701      	SBIW R24,1
000058 f7e1      	BRNE __GLOBAL_INI_LOOP
000059 01fb      	MOVW R30,R22
00005a cff0      	RJMP __GLOBAL_INI_NEXT
                 __GLOBAL_INI_END:
                 
                 ;STACK POINTER INITIALIZATION
00005b e5ef      	LDI  R30,LOW(0x85F)
00005c bfed      	OUT  SPL,R30
00005d e0e8      	LDI  R30,HIGH(0x85F)
00005e bfee      	OUT  SPH,R30
                 
                 ;DATA STACK POINTER INITIALIZATION
00005f e6c0      	LDI  R28,LOW(0x260)
000060 e0d2      	LDI  R29,HIGH(0x260)
                 
000061 940c 0111 	JMP  _main
                 
                 	.ESEG
                 	.ORG 0
                 
                 	.DSEG
                 	.ORG 0x260
                 
                 	.CSEG
                 ;/*****************************************************
                 ;This program was produced by the
                 ;CodeWizardAVR V2.03.4 Standard
                 ;Automatic Program Generator
                 ;© Copyright 1998-2008 Pavel Haiduc, HP InfoTech s.r.l.
                 ;http://www.hpinfotech.com
                 ;
                 ;Project :
                 ;Version :
                 ;Date    : 07.03.2010
                 ;Author  :
                 ;Company :
                 ;Comments:
                 ;
                 ;
                 ;Chip type           : ATmega32
                 ;Program type        : Application
                 ;Clock frequency     : 16,384000 MHz
                 ;Memory model        : Small
                 ;External RAM size   : 0
                 ;Data Stack size     : 512
                 ;*****************************************************/
                 ;
                 ;#include <mega32.h>
                 	#ifndef __SLEEP_DEFINED__
                 	#define __SLEEP_DEFINED__
                 	.EQU __se_bit=0x80
                 	.EQU __sm_mask=0x70
                 	.EQU __sm_powerdown=0x20
                 	.EQU __sm_powersave=0x30
                 	.EQU __sm_standby=0x60
                 	.EQU __sm_ext_standby=0x70
                 	.EQU __sm_adc_noise_red=0x10
                 	.SET power_ctrl_reg=mcucr
                 	#endif
                 ;#include <spi.h>
                 ;#include <delay.h>
                 ;
                 ;
                 ;#define VREF 4600
                 ;#define SS PORTB.4
                 ;#define SCK PORTB.7
                 ;#define MISO PINB.6
                 ;#define M_PI 3.1415926535897
                 ;#define pol_perioda 0x32
                 ;
                 ;// Declare your global variables here
                 ;unsigned int array1 [0x110], array2 [0x110];      //[OCR1A];
                 ;unsigned long int zero_amp;
                 ;unsigned int faza_zero, amp_max, amp_min;
                 ;unsigned int a;
                 ;unsigned char faza_max, faza_min;
                 ;unsigned char faza = 0xab;
                 
                 	.DSEG
                 ;unsigned char amplituda = 0xcd;
                 ;
                 ;
                 ;// 2 Wire bus interrupt service routine
                 ;interrupt [TWI] void twi_isr(void)
                 ; 0000 0030 {
                 
                 	.CSEG
                 _twi_isr:
000063 920a      	ST   -Y,R0
000064 921a      	ST   -Y,R1
000065 936a      	ST   -Y,R22
000066 937a      	ST   -Y,R23
000067 938a      	ST   -Y,R24
000068 939a      	ST   -Y,R25
000069 93aa      	ST   -Y,R26
00006a 93ba      	ST   -Y,R27
00006b 93ea      	ST   -Y,R30
00006c 93fa      	ST   -Y,R31
00006d b7ef      	IN   R30,SREG
00006e 93ea      	ST   -Y,R30
                 ; 0000 0031 // Place your code here
                 ; 0000 0032 TWDR = faza;
00006f 91e0 06a4 	LDS  R30,_faza
000071 d0fa      	RCALL SUBOPT_0x0
                 ; 0000 0033 TWCR |= 0x84;
                 ; 0000 0034 while (!(TWCR & 0x80));
                 _0x5:
000072 b7e6      	IN   R30,0x36
000073 d0fe      	RCALL SUBOPT_0x1
000074 f3e9      	BREQ _0x5
                 ; 0000 0035 TWDR = amplituda;
000075 91e0 06a5 	LDS  R30,_amplituda
000077 d0f4      	RCALL SUBOPT_0x0
                 ; 0000 0036 TWCR |= 0x84;
                 ; 0000 0037 while (!(TWCR & 0x80));
                 _0x8:
000078 b7e6      	IN   R30,0x36
000079 d0f8      	RCALL SUBOPT_0x1
00007a f3e9      	BREQ _0x8
                 ; 0000 0038 TWCR |= 0x80;
00007b b7e6      	IN   R30,0x36
00007c e0f0      	LDI  R31,0
00007d 68e0      	ORI  R30,0x80
00007e bfe6      	OUT  0x36,R30
                 ; 0000 0039 
                 ; 0000 003A for (a=0; a<=0xF9; a++)
00007f 24aa      	CLR  R10
000080 24bb      	CLR  R11
                 _0xC:
000081 efe9      	LDI  R30,LOW(249)
000082 e0f0      	LDI  R31,HIGH(249)
000083 15ea      	CP   R30,R10
000084 05fb      	CPC  R31,R11
000085 f180      	BRLO _0xD
                 ; 0000 003B     {
                 ; 0000 003C     array2[a] = array1[a]>>3;
000086 d0ee      	RCALL SUBOPT_0x2
000087 e6a0      	LDI  R26,LOW(_array1)
000088 e0b2      	LDI  R27,HIGH(_array1)
000089 d0f5      	RCALL SUBOPT_0x3
00008a 940e 0194 	CALL __LSRW3
00008c 01d0      	MOVW R26,R0
00008d 93ed      	ST   X+,R30
00008e 93fc      	ST   X,R31
                 ; 0000 003D     array2[a] = array2[a] & 0x03FF;
00008f d0e5      	RCALL SUBOPT_0x2
000090 d0f5      	RCALL SUBOPT_0x4
000091 70f3      	ANDI R31,HIGH(0x3FF)
000092 01d0      	MOVW R26,R0
000093 93ed      	ST   X+,R30
000094 93fc      	ST   X,R31
                 ; 0000 003E     array2[a] =(unsigned) (((unsigned long) array2[a] * VREF) / 1024L);
000095 d0f3      	RCALL SUBOPT_0x5
000096 0fea      	ADD  R30,R26
000097 1ffb      	ADC  R31,R27
000098 93ff      	PUSH R31
000099 93ef      	PUSH R30
00009a 01f5      	MOVW R30,R10
00009b d0ea      	RCALL SUBOPT_0x4
00009c 2766      	CLR  R22
00009d 2777      	CLR  R23
                +
00009e efa8     +LDI R26 , LOW ( 0x11F8 )
00009f e1b1     +LDI R27 , HIGH ( 0x11F8 )
0000a0 e080     +LDI R24 , BYTE3 ( 0x11F8 )
0000a1 e090     +LDI R25 , BYTE4 ( 0x11F8 )
                 	__GETD2N 0x11F8
0000a2 940e 019b 	CALL __MULD12U
0000a4 01df      	MOVW R26,R30
0000a5 01cb      	MOVW R24,R22
                +
0000a6 e0e0     +LDI R30 , LOW ( 0x400 )
0000a7 e0f4     +LDI R31 , HIGH ( 0x400 )
0000a8 e060     +LDI R22 , BYTE3 ( 0x400 )
0000a9 e070     +LDI R23 , BYTE4 ( 0x400 )
                 	__GETD1N 0x400
0000aa 940e 01bb 	CALL __DIVD21U
0000ac 2766      	CLR  R22
0000ad 2777      	CLR  R23
0000ae 91af      	POP  R26
0000af 91bf      	POP  R27
0000b0 93ed      	ST   X+,R30
0000b1 93fc      	ST   X,R31
                 ; 0000 003F     };
0000b2 01f5      	MOVW R30,R10
0000b3 9631      	ADIW R30,1
0000b4 015f      	MOVW R10,R30
0000b5 cfcb      	RJMP _0xC
                 _0xD:
                 ; 0000 0040 
                 ; 0000 0041 amp_max = 2300;
0000b6 efec      	LDI  R30,LOW(2300)
0000b7 e0f8      	LDI  R31,HIGH(2300)
0000b8 013f      	MOVW R6,R30
                 ; 0000 0042 amp_min = 2300;
0000b9 014f      	MOVW R8,R30
                 ; 0000 0043 
                 ; 0000 0044     for (a=0; a<=0xF9; a++)
0000ba 24aa      	CLR  R10
0000bb 24bb      	CLR  R11
                 _0xF:
0000bc efe9      	LDI  R30,LOW(249)
0000bd e0f0      	LDI  R31,HIGH(249)
0000be 15ea      	CP   R30,R10
0000bf 05fb      	CPC  R31,R11
0000c0 f0e0      	BRLO _0x10
                 ; 0000 0045     {
                 ; 0000 0046     if (array2[a] >= amp_max)
0000c1 01f5      	MOVW R30,R10
0000c2 d0c3      	RCALL SUBOPT_0x4
0000c3 15e6      	CP   R30,R6
0000c4 05f7      	CPC  R31,R7
0000c5 f038      	BRLO _0x11
                 ; 0000 0047         {
                 ; 0000 0048         faza_max = a;
0000c6 01f5      	MOVW R30,R10
0000c7 2ede      	MOV  R13,R30
                 ; 0000 0049         amp_max = array2[a];
0000c8 d0c0      	RCALL SUBOPT_0x5
0000c9 0fae      	ADD  R26,R30
0000ca 1fbf      	ADC  R27,R31
0000cb 906d      	LD   R6,X+
0000cc 907c      	LD   R7,X
                 ; 0000 004A         };
                 _0x11:
                 ; 0000 004B     if (array2[a] <= amp_min)
0000cd 01f5      	MOVW R30,R10
0000ce d0b7      	RCALL SUBOPT_0x4
0000cf 168e      	CP   R8,R30
0000d0 069f      	CPC  R9,R31
0000d1 f038      	BRLO _0x12
                 ; 0000 004C         {
                 ; 0000 004D         faza_min = a;
0000d2 01f5      	MOVW R30,R10
0000d3 2ece      	MOV  R12,R30
                 ; 0000 004E         amp_min = array2[a];
0000d4 d0b4      	RCALL SUBOPT_0x5
0000d5 0fae      	ADD  R26,R30
0000d6 1fbf      	ADC  R27,R31
0000d7 908d      	LD   R8,X+
0000d8 909c      	LD   R9,X
                 ; 0000 004F         };
                 _0x12:
                 ; 0000 0050 
                 ; 0000 0051     };
0000d9 01f5      	MOVW R30,R10
0000da 9631      	ADIW R30,1
0000db 015f      	MOVW R10,R30
0000dc cfdf      	RJMP _0xF
                 _0x10:
                 ; 0000 0052 
                 ; 0000 0053 if (faza_max > faza_min)    faza_zero = (faza_max - faza_min) ;
0000dd 14cd      	CP   R12,R13
0000de f420      	BRSH _0x13
0000df 2dad      	MOV  R26,R13
0000e0 27bb      	CLR  R27
0000e1 2dec      	MOV  R30,R12
0000e2 d0ac      	RCALL SUBOPT_0x6
                 ; 0000 0054 if (faza_max < faza_min)    faza_zero = (faza_min - faza_max) ;
                 _0x13:
0000e3 14dc      	CP   R13,R12
0000e4 f420      	BRSH _0x14
0000e5 2dac      	MOV  R26,R12
0000e6 27bb      	CLR  R27
0000e7 2ded      	MOV  R30,R13
0000e8 d0a6      	RCALL SUBOPT_0x6
                 ; 0000 0055 faza = faza_max;
                 _0x14:
0000e9 92d0 06a4 	STS  _faza,R13
                 ; 0000 0056 amplituda = faza_min;
0000eb 92c0 06a5 	STS  _amplituda,R12
                 ; 0000 0057 
                 ; 0000 0058 //#asm ("wdr")
                 ; 0000 0059 return;
0000ed 91e9      	LD   R30,Y+
0000ee bfef      	OUT  SREG,R30
0000ef 91f9      	LD   R31,Y+
0000f0 91e9      	LD   R30,Y+
0000f1 91b9      	LD   R27,Y+
0000f2 91a9      	LD   R26,Y+
0000f3 9199      	LD   R25,Y+
0000f4 9189      	LD   R24,Y+
0000f5 9179      	LD   R23,Y+
0000f6 9169      	LD   R22,Y+
0000f7 9019      	LD   R1,Y+
0000f8 9009      	LD   R0,Y+
0000f9 9518      	RETI
                 ; 0000 005A }
                 ;
                 ;unsigned  read_adc(void)
                 ; 0000 005D {
                 _read_adc:
                 ; 0000 005E unsigned result;
                 ; 0000 005F SS=0;
0000fa 931a      	ST   -Y,R17
0000fb 930a      	ST   -Y,R16
                 ;	result -> R16,R17
0000fc 98c4      	CBI  0x18,4
                 ; 0000 0060 delay_us (1);
                +
0000fd e085     +LDI R24 , LOW ( 5 )
                +__DELAY_USB_LOOP :
0000fe 958a     +DEC R24
0000ff f7f1     +BRNE __DELAY_USB_LOOP
                 	__DELAY_USB 5
                 ; 0000 0061 result=(unsigned) spi(0)<<8;
000100 e0e0      	LDI  R30,LOW(0)
000101 93ea      	ST   -Y,R30
000102 d061      	RCALL _spi
000103 2ffe      	MOV  R31,R30
000104 e0e0      	LDI  R30,0
000105 018f      	MOVW R16,R30
                 ; 0000 0062 result|=spi(0);
000106 e0e0      	LDI  R30,LOW(0)
000107 93ea      	ST   -Y,R30
000108 d05b      	RCALL _spi
000109 e0f0      	LDI  R31,0
                +
00010a 2b0e     +OR R16 , R30
00010b 2b1f     +OR R17 , R31
                 	__ORWRR 16,17,30,31
                 ; 0000 0063 SS=1;
00010c 9ac4      	SBI  0x18,4
                 ; 0000 0064 return result;
00010d 01f8      	MOVW R30,R16
00010e 9109      	LD   R16,Y+
00010f 9119      	LD   R17,Y+
000110 9508      	RET
                 ; 0000 0065 }
                 ;
                 ;void main(void)
                 ; 0000 0068 {
                 _main:
                 ; 0000 0069 // Declare your local variables here
                 ; 0000 006A 
                 ; 0000 006B // Input/Output Ports initialization
                 ; 0000 006C // Port A initialization
                 ; 0000 006D // Func7=In Func6=In Func5=In Func4=In Func3=In Func2=In Func1=In Func0=In
                 ; 0000 006E // State7=T State6=T State5=T State4=T State3=T State2=T State1=T State0=T
                 ; 0000 006F PORTA=0x00;
000111 e0e0      	LDI  R30,LOW(0)
000112 bbeb      	OUT  0x1B,R30
                 ; 0000 0070 DDRA=0x00;
000113 bbea      	OUT  0x1A,R30
                 ; 0000 0071 
                 ; 0000 0072 // Port B initialization
                 ; 0000 0073 // Func7=Out Func6=In Func5=Out Func4=Out Func3=In Func2=In Func1=In Func0=In
                 ; 0000 0074 // State7=0 State6=T State5=0 State4=0 State3=T State2=T State1=T State0=T
                 ; 0000 0075 PORTB=0x00;
000114 bbe8      	OUT  0x18,R30
                 ; 0000 0076 DDRB=0xB0;
000115 ebe0      	LDI  R30,LOW(176)
000116 bbe7      	OUT  0x17,R30
                 ; 0000 0077 
                 ; 0000 0078 // Port C initialization
                 ; 0000 0079 // Func7=In Func6=In Func5=In Func4=In Func3=In Func2=In Func1=In Func0=In
                 ; 0000 007A // State7=T State6=T State5=T State4=T State3=T State2=T State1=T State0=T
                 ; 0000 007B PORTC=0x00;
000117 e0e0      	LDI  R30,LOW(0)
000118 bbe5      	OUT  0x15,R30
                 ; 0000 007C DDRC=0x00;
000119 bbe4      	OUT  0x14,R30
                 ; 0000 007D 
                 ; 0000 007E // Port D initialization
                 ; 0000 007F // Func7=In Func6=In Func5=In Func4=In Func3=In Func2=In Func1=In Func0=In
                 ; 0000 0080 // State7=T State6=T State5=T State4=T State3=T State2=T State1=T State0=T
                 ; 0000 0081 PORTD=0x00;
00011a bbe2      	OUT  0x12,R30
                 ; 0000 0082 DDRD=0x00;
00011b bbe1      	OUT  0x11,R30
                 ; 0000 0083 
                 ; 0000 0084 // Timer/Counter 0 initialization
                 ; 0000 0085 // Clock source: System Clock
                 ; 0000 0086 // Clock value: Timer 0 Stopped
                 ; 0000 0087 // Mode: Normal top=FFh
                 ; 0000 0088 // OC0 output: Disconnected
                 ; 0000 0089 TCCR0=0x00;
00011c bfe3      	OUT  0x33,R30
                 ; 0000 008A TCNT0=0x00;
00011d bfe2      	OUT  0x32,R30
                 ; 0000 008B OCR0=0x00;
00011e bfec      	OUT  0x3C,R30
                 ; 0000 008C 
                 ; 0000 008D // Timer/Counter 1 initialization
                 ; 0000 008E // Clock source: System Clock
                 ; 0000 008F // Clock value: 2048,000 kHz
                 ; 0000 0090 // Mode: CTC top=ICR1
                 ; 0000 0091 // OC1A output: Discon.
                 ; 0000 0092 // OC1B output: Discon.
                 ; 0000 0093 // Noise Canceler: Off
                 ; 0000 0094 // Input Capture on Falling Edge
                 ; 0000 0095 // Timer 1 Overflow Interrupt: Off
                 ; 0000 0096 // Input Capture Interrupt: Off
                 ; 0000 0097 // Compare A Match Interrupt: Off
                 ; 0000 0098 // Compare B Match Interrupt: Off
                 ; 0000 0099 TCCR1A=0x00;
00011f bdef      	OUT  0x2F,R30
                 ; 0000 009A TCCR1B=0x1A;
000120 e1ea      	LDI  R30,LOW(26)
000121 bdee      	OUT  0x2E,R30
                 ; 0000 009B TCNT1H=0x00;
000122 e0e0      	LDI  R30,LOW(0)
000123 bded      	OUT  0x2D,R30
                 ; 0000 009C TCNT1L=0x00;
000124 bdec      	OUT  0x2C,R30
                 ; 0000 009D ICR1H=0x00;
000125 bde7      	OUT  0x27,R30
                 ; 0000 009E ICR1L=0xF9;
000126 efe9      	LDI  R30,LOW(249)
000127 bde6      	OUT  0x26,R30
                 ; 0000 009F OCR1AH=0x00;
000128 e0e0      	LDI  R30,LOW(0)
000129 bdeb      	OUT  0x2B,R30
                 ; 0000 00A0 OCR1AL=0x00;
00012a bdea      	OUT  0x2A,R30
                 ; 0000 00A1 OCR1BH=0x00;
00012b bde9      	OUT  0x29,R30
                 ; 0000 00A2 OCR1BL=0x00;
00012c bde8      	OUT  0x28,R30
                 ; 0000 00A3 
                 ; 0000 00A4 // Timer/Counter 2 initialization
                 ; 0000 00A5 // Clock source: System Clock
                 ; 0000 00A6 // Clock value: Timer 2 Stopped
                 ; 0000 00A7 // Mode: Normal top=FFh
                 ; 0000 00A8 // OC2 output: Disconnected
                 ; 0000 00A9 ASSR=0x00;
00012d bde2      	OUT  0x22,R30
                 ; 0000 00AA TCCR2=0x00;
00012e bde5      	OUT  0x25,R30
                 ; 0000 00AB TCNT2=0x00;
00012f bde4      	OUT  0x24,R30
                 ; 0000 00AC OCR2=0x00;
000130 bde3      	OUT  0x23,R30
                 ; 0000 00AD 
                 ; 0000 00AE // External Interrupt(s) initialization
                 ; 0000 00AF // INT0: Off
                 ; 0000 00B0 // INT1: Off
                 ; 0000 00B1 // INT2: Off
                 ; 0000 00B2 MCUCR=0x00;
000131 bfe5      	OUT  0x35,R30
                 ; 0000 00B3 MCUCSR=0x00;
000132 bfe4      	OUT  0x34,R30
                 ; 0000 00B4 
                 ; 0000 00B5 // Timer(s)/Counter(s) Interrupt(s) initialization
                 ; 0000 00B6 TIMSK=0x00;
000133 bfe9      	OUT  0x39,R30
                 ; 0000 00B7 
                 ; 0000 00B8 // Analog Comparator initialization
                 ; 0000 00B9 // Analog Comparator: Off
                 ; 0000 00BA // Analog Comparator Input Capture by Timer/Counter 1: Off
                 ; 0000 00BB ACSR=0x80;
000134 e8e0      	LDI  R30,LOW(128)
000135 b9e8      	OUT  0x8,R30
                 ; 0000 00BC SFIOR=0x00;
000136 e0e0      	LDI  R30,LOW(0)
000137 bfe0      	OUT  0x30,R30
                 ; 0000 00BD 
                 ; 0000 00BE // SPI initialization
                 ; 0000 00BF // SPI Type: Master
                 ; 0000 00C0 // SPI Clock Rate: 1024,000 kHz
                 ; 0000 00C1 // SPI Clock Phase: Cycle Half
                 ; 0000 00C2 // SPI Clock Polarity: Low
                 ; 0000 00C3 // SPI Data Order: MSB First
                 ; 0000 00C4 SPCR=0x51;
000138 e5e1      	LDI  R30,LOW(81)
000139 b9ed      	OUT  0xD,R30
                 ; 0000 00C5 SPSR=0x00;
00013a e0e0      	LDI  R30,LOW(0)
00013b b9ee      	OUT  0xE,R30
                 ; 0000 00C6 
                 ; 0000 00C7 // 2 Wire Bus initialization
                 ; 0000 00C8 // Generate Acknowledge Pulse: On
                 ; 0000 00C9 // 2 Wire Bus Slave Address: 44h
                 ; 0000 00CA // General Call Recognition: Off
                 ; 0000 00CB // Bit Rate: 390,095 kHz
                 ; 0000 00CC TWSR=0x00;
00013c b9e1      	OUT  0x1,R30
                 ; 0000 00CD TWBR=0x0D;
00013d e0ed      	LDI  R30,LOW(13)
00013e b9e0      	OUT  0x0,R30
                 ; 0000 00CE TWAR=0x88;
00013f e8e8      	LDI  R30,LOW(136)
000140 b9e2      	OUT  0x2,R30
                 ; 0000 00CF TWCR=0x45;
000141 e4e5      	LDI  R30,LOW(69)
000142 bfe6      	OUT  0x36,R30
                 ; 0000 00D0 
                 ; 0000 00D1 zero_amp = 2300;
                +
000143 efec     +LDI R30 , LOW ( 0x8FC )
000144 e0f8     +LDI R31 , HIGH ( 0x8FC )
000145 e060     +LDI R22 , BYTE3 ( 0x8FC )
000146 e070     +LDI R23 , BYTE4 ( 0x8FC )
                 	__GETD1N 0x8FC
000147 93e0 06a0 	STS  _zero_amp,R30
000149 93f0 06a1 	STS  _zero_amp+1,R31
00014b 9360 06a2 	STS  _zero_amp+2,R22
00014d 9370 06a3 	STS  _zero_amp+3,R23
                 ; 0000 00D2 //for (a=0; a<=0x100; a++) array2[a]= a;
                 ; 0000 00D3 
                 ; 0000 00D4 
                 ; 0000 00D5 #asm ("sei")
00014f 9478      	sei
                 ; 0000 00D6 
                 ; 0000 00D7 while (1)
                 _0x19:
                 ; 0000 00D8       {
                 ; 0000 00D9       // Place your code here
                 ; 0000 00DA       array1[TCNT1] = read_adc();
000150 b5ec      	IN   R30,0x2C
000151 b5fd      	IN   R31,0x2C+1
000152 e6a0      	LDI  R26,LOW(_array1)
000153 e0b2      	LDI  R27,HIGH(_array1)
000154 0fee      	LSL  R30
000155 1fff      	ROL  R31
000156 0fea      	ADD  R30,R26
000157 1ffb      	ADC  R31,R27
000158 93ff      	PUSH R31
000159 93ef      	PUSH R30
00015a df9f      	RCALL _read_adc
00015b 91af      	POP  R26
00015c 91bf      	POP  R27
00015d 93ed      	ST   X+,R30
00015e 93fc      	ST   X,R31
                 ; 0000 00DB       delay_us (1);
                +
00015f e085     +LDI R24 , LOW ( 5 )
                +__DELAY_USB_LOOP :
000160 958a     +DEC R24
000161 f7f1     +BRNE __DELAY_USB_LOOP
                 	__DELAY_USB 5
                 ; 0000 00DC //      #asm ("wdr")
                 ; 0000 00DD       };
000162 cfed      	RJMP _0x19
                 ; 0000 00DE }
                 _0x1C:
000163 cfff      	RJMP _0x1C
                 	#ifndef __SLEEP_DEFINED__
                 	#endif
                 
                 	.CSEG
                 _spi:
000164 81e8      	LD   R30,Y
000165 b9ef      	OUT  0xF,R30
                 _0x2000003:
000166 b1ee      	IN   R30,0xE
000167 d00a      	RCALL SUBOPT_0x1
000168 f3e9      	BREQ _0x2000003
000169 b1ef      	IN   R30,0xF
00016a 9621      	ADIW R28,1
00016b 9508      	RET
                 
                 	.DSEG
                 _array1:
000260           	.BYTE 0x220
                 _array2:
000480           	.BYTE 0x220
                 _zero_amp:
0006a0           	.BYTE 0x4
                 _faza:
0006a4           	.BYTE 0x1
                 _amplituda:
0006a5           	.BYTE 0x1
                 
                 	.CSEG
                 ;OPTIMIZER ADDED SUBROUTINE, CALLED 2 TIMES, CODE SIZE REDUCTION:2 WORDS
                 SUBOPT_0x0:
00016c b9e3      	OUT  0x3,R30
00016d b7e6      	IN   R30,0x36
00016e e0f0      	LDI  R31,0
00016f 68e4      	ORI  R30,LOW(0x84)
000170 bfe6      	OUT  0x36,R30
000171 9508      	RET
                 
                 ;OPTIMIZER ADDED SUBROUTINE, CALLED 3 TIMES, CODE SIZE REDUCTION:1 WORDS
                 SUBOPT_0x1:
000172 e0f0      	LDI  R31,0
000173 78e0      	ANDI R30,LOW(0x80)
000174 9508      	RET
                 
                 ;OPTIMIZER ADDED SUBROUTINE, CALLED 2 TIMES, CODE SIZE REDUCTION:4 WORDS
                 SUBOPT_0x2:
000175 01f5      	MOVW R30,R10
000176 e8a0      	LDI  R26,LOW(_array2)
000177 e0b4      	LDI  R27,HIGH(_array2)
000178 0fee      	LSL  R30
000179 1fff      	ROL  R31
00017a 0fea      	ADD  R30,R26
00017b 1ffb      	ADC  R31,R27
00017c 010f      	MOVW R0,R30
00017d 01f5      	MOVW R30,R10
00017e 9508      	RET
                 
                 ;OPTIMIZER ADDED SUBROUTINE, CALLED 5 TIMES, CODE SIZE REDUCTION:13 WORDS
                 SUBOPT_0x3:
00017f 0fee      	LSL  R30
000180 1fff      	ROL  R31
000181 0fae      	ADD  R26,R30
000182 1fbf      	ADC  R27,R31
000183 940e 01e0 	CALL __GETW1P
000185 9508      	RET
                 
                 ;OPTIMIZER ADDED SUBROUTINE, CALLED 4 TIMES, CODE SIZE REDUCTION:3 WORDS
                 SUBOPT_0x4:
000186 e8a0      	LDI  R26,LOW(_array2)
000187 e0b4      	LDI  R27,HIGH(_array2)
000188 cff6      	RJMP SUBOPT_0x3
                 
                 ;OPTIMIZER ADDED SUBROUTINE, CALLED 3 TIMES, CODE SIZE REDUCTION:3 WORDS
                 SUBOPT_0x5:
000189 01f5      	MOVW R30,R10
00018a e8a0      	LDI  R26,LOW(_array2)
00018b e0b4      	LDI  R27,HIGH(_array2)
00018c 0fee      	LSL  R30
00018d 1fff      	ROL  R31
00018e 9508      	RET
                 
                 ;OPTIMIZER ADDED SUBROUTINE, CALLED 2 TIMES, CODE SIZE REDUCTION:1 WORDS
                 SUBOPT_0x6:
00018f e0f0      	LDI  R31,0
000190 1bae      	SUB  R26,R30
000191 0bbf      	SBC  R27,R31
000192 012d      	MOVW R4,R26
000193 9508      	RET
                 
                 
                 	.CSEG
                 __LSRW3:
000194 95f6      	LSR  R31
000195 95e7      	ROR  R30
                 __LSRW2:
000196 95f6      	LSR  R31
000197 95e7      	ROR  R30
000198 95f6      	LSR  R31
000199 95e7      	ROR  R30
00019a 9508      	RET
                 
                 __MULD12U:
00019b 9f7a      	MUL  R23,R26
00019c 2d70      	MOV  R23,R0
00019d 9f6b      	MUL  R22,R27
00019e 0d70      	ADD  R23,R0
00019f 9ff8      	MUL  R31,R24
0001a0 0d70      	ADD  R23,R0
0001a1 9fe9      	MUL  R30,R25
0001a2 0d70      	ADD  R23,R0
0001a3 9f6a      	MUL  R22,R26
0001a4 2d60      	MOV  R22,R0
0001a5 0d71      	ADD  R23,R1
0001a6 9ffb      	MUL  R31,R27
0001a7 0d60      	ADD  R22,R0
0001a8 1d71      	ADC  R23,R1
0001a9 9fe8      	MUL  R30,R24
0001aa 0d60      	ADD  R22,R0
0001ab 1d71      	ADC  R23,R1
0001ac 2788      	CLR  R24
0001ad 9ffa      	MUL  R31,R26
0001ae 2df0      	MOV  R31,R0
0001af 0d61      	ADD  R22,R1
0001b0 1f78      	ADC  R23,R24
0001b1 9feb      	MUL  R30,R27
0001b2 0df0      	ADD  R31,R0
0001b3 1d61      	ADC  R22,R1
0001b4 1f78      	ADC  R23,R24
0001b5 9fea      	MUL  R30,R26
0001b6 2de0      	MOV  R30,R0
0001b7 0df1      	ADD  R31,R1
0001b8 1f68      	ADC  R22,R24
0001b9 1f78      	ADC  R23,R24
0001ba 9508      	RET
                 
                 __DIVD21U:
0001bb 933f      	PUSH R19
0001bc 934f      	PUSH R20
0001bd 935f      	PUSH R21
0001be 2400      	CLR  R0
0001bf 2411      	CLR  R1
0001c0 2744      	CLR  R20
0001c1 2755      	CLR  R21
0001c2 e230      	LDI  R19,32
                 __DIVD21U1:
0001c3 0faa      	LSL  R26
0001c4 1fbb      	ROL  R27
0001c5 1f88      	ROL  R24
0001c6 1f99      	ROL  R25
0001c7 1c00      	ROL  R0
0001c8 1c11      	ROL  R1
0001c9 1f44      	ROL  R20
0001ca 1f55      	ROL  R21
0001cb 1a0e      	SUB  R0,R30
0001cc 0a1f      	SBC  R1,R31
0001cd 0b46      	SBC  R20,R22
0001ce 0b57      	SBC  R21,R23
0001cf f428      	BRCC __DIVD21U2
0001d0 0e0e      	ADD  R0,R30
0001d1 1e1f      	ADC  R1,R31
0001d2 1f46      	ADC  R20,R22
0001d3 1f57      	ADC  R21,R23
0001d4 c001      	RJMP __DIVD21U3
                 __DIVD21U2:
0001d5 60a1      	SBR  R26,1
                 __DIVD21U3:
0001d6 953a      	DEC  R19
0001d7 f759      	BRNE __DIVD21U1
0001d8 01fd      	MOVW R30,R26
0001d9 01bc      	MOVW R22,R24
0001da 01d0      	MOVW R26,R0
0001db 01ca      	MOVW R24,R20
0001dc 915f      	POP  R21
0001dd 914f      	POP  R20
0001de 913f      	POP  R19
0001df 9508      	RET
                 
                 __GETW1P:
0001e0 91ed      	LD   R30,X+
0001e1 91fc      	LD   R31,X
0001e2 9711      	SBIW R26,1
0001e3 9508      	RET
                 
                 ;END OF CODE MARKER
                 __END_OF_CODE:


RESOURCE USE INFORMATION
------------------------

Notice:
The register and instruction counts are symbol table hit counts,
and hence implicitly used resources are not counted, eg, the
'lpm' instruction without operands implicitly uses r0 and z,
none of which are counted.

x,y,z are separate entities in the symbol table and are
counted separately from r26..r31 here.

.dseg memory usage only counts static data declared with .byte

ATmega32 register use summary:
r0 :  24 r1 :  13 r2 :   0 r3 :   0 r4 :   1 r5 :   0 r6 :   3 r7 :   2 
r8 :   3 r9 :   2 r10:  16 r11:   4 r12:   6 r13:   6 r14:   0 r15:   0 
r16:   5 r17:   3 r18:   0 r19:   4 r20:   7 r21:   6 r22:  21 r23:  20 
r24:  25 r25:   7 r26:  35 r27:  25 r28:   2 r29:   1 r30: 158 r31:  55 
x  :  17 y  :  29 z  :   7 
Registers used: 29 out of 35 (82.9%)

ATmega32 instruction use summary:
adc   :  16 add   :  16 adiw  :   3 and   :   0 andi  :   2 asr   :   0 
bclr  :   0 bld   :   0 brbc  :   0 brbs  :   0 brcc  :   1 brcs  :   0 
break :   0 breq  :   4 brge  :   0 brhc  :   0 brhs  :   0 brid  :   0 
brie  :   0 brlo  :   4 brlt  :   0 brmi  :   0 brne  :   6 brpl  :   0 
brsh  :   2 brtc  :   0 brts  :   0 brvc  :   0 brvs  :   0 bset  :   0 
bst   :   0 call  :   4 cbi   :   1 cbr   :   0 clc   :   0 clh   :   0 
cli   :   1 cln   :   0 clr   :  17 cls   :   0 clt   :   0 clv   :   0 
clz   :   0 com   :   0 cp    :   6 cpc   :   4 cpi   :   0 cpse  :   0 
dec   :   4 des   :   0 eor   :   0 fmul  :   0 fmuls :   0 fmulsu:   0 
icall :   0 ijmp  :   0 in    :   9 inc   :   0 jmp   :  22 ld    :  20 
ldd   :   0 ldi   :  66 lds   :   2 lpm   :   7 lsl   :   5 lsr   :   3 
mov   :  11 movw  :  29 mul   :  10 muls  :   0 mulsu :   0 neg   :   0 
nop   :   0 or    :   2 ori   :   2 out   :  49 pop   :   7 push  :   7 
rcall :  20 ret   :  12 reti  :   1 rjmp  :   7 rol   :  11 ror   :   3 
sbc   :   4 sbci  :   0 sbi   :   1 sbic  :   0 sbis  :   0 sbiw  :   4 
sbr   :   1 sbrc  :   0 sbrs  :   0 sec   :   0 seh   :   0 sei   :   1 
sen   :   0 ser   :   0 ses   :   0 set   :   0 sev   :   0 sez   :   0 
sleep :   0 spm   :   0 st    :  26 std   :   0 sts   :   6 sub   :   2 
subi  :   0 swap  :   0 tst   :   0 wdr   :   0 
Instructions used: 46 out of 112 (41.1%)

ATmega32 memory use summary [bytes]:
Segment   Begin    End      Code   Data   Used    Size   Use%
---------------------------------------------------------------
[.cseg] 0x000000 0x0003c8    950     18    968   32768   3.0%
[.dseg] 0x000060 0x0006a6      0   1094   1094    2048  53.4%
[.eseg] 0x000000 0x000000      0      0      0    1024   0.0%

Assembly complete, 0 errors, 8 warnings
